<?xml version="1.0" encoding="UTF-8"?>
<testng-results skipped="0" failed="0" ignored="0" total="4" passed="4">
  <reporter-output>
  </reporter-output>
  <suite name="Default suite" duration-ms="93209" started-at="2023-03-17T12:21:17 IST" finished-at="2023-03-17T12:22:50 IST">
    <groups>
      <group name="cucumber">
        <method signature="AbstractTestNGCucumberTests.runScenario(io.cucumber.testng.PickleWrapper,io.cucumber.testng.FeatureWrapper)[pri:0, instance:Runners.running@727803de]" name="runScenario" class="io.cucumber.testng.AbstractTestNGCucumberTests"/>
      </group> <!-- cucumber -->
    </groups>
    <test name="Default test" duration-ms="93209" started-at="2023-03-17T12:21:17 IST" finished-at="2023-03-17T12:22:50 IST">
      <class name="Runners.running">
        <test-method status="PASS" signature="setUpClass(org.testng.ITestContext)[pri:0, instance:Runners.running@727803de]" name="setUpClass" is-config="true" duration-ms="26893" started-at="2023-03-17T12:21:17 IST" finished-at="2023-03-17T12:21:44 IST">
          <params>
            <param index="0">
              <value>
                <![CDATA[org.testng.TestRunner@5961e92d]]>
              </value>
            </param>
          </params>
          <reporter-output>
          </reporter-output>
        </test-method> <!-- setUpClass -->
        <test-method status="PASS" signature="runScenario(io.cucumber.testng.PickleWrapper,io.cucumber.testng.FeatureWrapper)[pri:0, instance:Runners.running@727803de]" name="runScenario" duration-ms="24083" started-at="2023-03-17T12:21:44 IST" description="Runs Cucumber Scenarios" data-provider="scenarios" finished-at="2023-03-17T12:22:08 IST">
          <params>
            <param index="0">
              <value>
                <![CDATA["Login into App"]]>
              </value>
            </param>
            <param index="1">
              <value>
                <![CDATA["Purchase Function"]]>
              </value>
            </param>
          </params>
          <reporter-output>
          </reporter-output>
        </test-method> <!-- runScenario -->
        <test-method status="PASS" signature="runScenario(io.cucumber.testng.PickleWrapper,io.cucumber.testng.FeatureWrapper)[pri:0, instance:Runners.running@727803de]" name="runScenario" duration-ms="12994" started-at="2023-03-17T12:22:08 IST" description="Runs Cucumber Scenarios" data-provider="scenarios" finished-at="2023-03-17T12:22:21 IST">
          <params>
            <param index="0">
              <value>
                <![CDATA["Add items to cart"]]>
              </value>
            </param>
            <param index="1">
              <value>
                <![CDATA["Purchase Function"]]>
              </value>
            </param>
          </params>
          <reporter-output>
          </reporter-output>
        </test-method> <!-- runScenario -->
        <test-method status="PASS" signature="runScenario(io.cucumber.testng.PickleWrapper,io.cucumber.testng.FeatureWrapper)[pri:0, instance:Runners.running@727803de]" name="runScenario" duration-ms="7152" started-at="2023-03-17T12:22:21 IST" description="Runs Cucumber Scenarios" data-provider="scenarios" finished-at="2023-03-17T12:22:28 IST">
          <params>
            <param index="0">
              <value>
                <![CDATA["Delete an items in cart"]]>
              </value>
            </param>
            <param index="1">
              <value>
                <![CDATA["Purchase Function"]]>
              </value>
            </param>
          </params>
          <reporter-output>
          </reporter-output>
        </test-method> <!-- runScenario -->
        <test-method status="PASS" signature="runScenario(io.cucumber.testng.PickleWrapper,io.cucumber.testng.FeatureWrapper)[pri:0, instance:Runners.running@727803de]" name="runScenario" duration-ms="10348" started-at="2023-03-17T12:22:28 IST" description="Runs Cucumber Scenarios" data-provider="scenarios" finished-at="2023-03-17T12:22:38 IST">
          <params>
            <param index="0">
              <value>
                <![CDATA["Place Order"]]>
              </value>
            </param>
            <param index="1">
              <value>
                <![CDATA["Purchase Function"]]>
              </value>
            </param>
          </params>
          <reporter-output>
          </reporter-output>
        </test-method> <!-- runScenario -->
        <test-method status="PASS" signature="tearDownClass()[pri:0, instance:Runners.running@727803de]" name="tearDownClass" is-config="true" duration-ms="10873" started-at="2023-03-17T12:22:39 IST" finished-at="2023-03-17T12:22:50 IST">
          <reporter-output>
          </reporter-output>
        </test-method> <!-- tearDownClass -->
      </class> <!-- Runners.running -->
    </test> <!-- Default test -->
  </suite> <!-- Default suite -->
</testng-results>
