<?xml version="1.0" encoding="UTF-8"?>
<testng-results skipped="0" failed="0" ignored="0" total="4" passed="4">
  <reporter-output>
  </reporter-output>
  <suite name="Default suite" duration-ms="64357" started-at="2023-03-16T09:24:01 IST" finished-at="2023-03-16T09:25:06 IST">
    <groups>
      <group name="cucumber">
        <method signature="AbstractTestNGCucumberTests.runScenario(io.cucumber.testng.PickleWrapper,io.cucumber.testng.FeatureWrapper)[pri:0, instance:Runners.running@727803de]" name="runScenario" class="io.cucumber.testng.AbstractTestNGCucumberTests"/>
      </group> <!-- cucumber -->
    </groups>
    <test name="Default test" duration-ms="64357" started-at="2023-03-16T09:24:01 IST" finished-at="2023-03-16T09:25:06 IST">
      <class name="Runners.running">
        <test-method status="PASS" signature="setUpClass(org.testng.ITestContext)[pri:0, instance:Runners.running@727803de]" name="setUpClass" is-config="true" duration-ms="16266" started-at="2023-03-16T09:24:01 IST" finished-at="2023-03-16T09:24:18 IST">
          <params>
            <param index="0">
              <value>
                <![CDATA[org.testng.TestRunner@48904d5a]]>
              </value>
            </param>
          </params>
          <reporter-output>
          </reporter-output>
        </test-method> <!-- setUpClass -->
        <test-method status="PASS" signature="runScenario(io.cucumber.testng.PickleWrapper,io.cucumber.testng.FeatureWrapper)[pri:0, instance:Runners.running@727803de]" name="runScenario" duration-ms="18848" started-at="2023-03-16T09:24:18 IST" description="Runs Cucumber Scenarios" data-provider="scenarios" finished-at="2023-03-16T09:24:36 IST">
          <params>
            <param index="0">
              <value>
                <![CDATA["Login into App"]]>
              </value>
            </param>
            <param index="1">
              <value>
                <![CDATA["Purchase Function"]]>
              </value>
            </param>
          </params>
          <reporter-output>
          </reporter-output>
        </test-method> <!-- runScenario -->
        <test-method status="PASS" signature="runScenario(io.cucumber.testng.PickleWrapper,io.cucumber.testng.FeatureWrapper)[pri:0, instance:Runners.running@727803de]" name="runScenario" duration-ms="13366" started-at="2023-03-16T09:24:37 IST" description="Runs Cucumber Scenarios" data-provider="scenarios" finished-at="2023-03-16T09:24:50 IST">
          <params>
            <param index="0">
              <value>
                <![CDATA["Add items to cart"]]>
              </value>
            </param>
            <param index="1">
              <value>
                <![CDATA["Purchase Function"]]>
              </value>
            </param>
          </params>
          <reporter-output>
          </reporter-output>
        </test-method> <!-- runScenario -->
        <test-method status="PASS" signature="runScenario(io.cucumber.testng.PickleWrapper,io.cucumber.testng.FeatureWrapper)[pri:0, instance:Runners.running@727803de]" name="runScenario" duration-ms="6394" started-at="2023-03-16T09:24:50 IST" description="Runs Cucumber Scenarios" data-provider="scenarios" finished-at="2023-03-16T09:24:56 IST">
          <params>
            <param index="0">
              <value>
                <![CDATA["Delete an items in cart"]]>
              </value>
            </param>
            <param index="1">
              <value>
                <![CDATA["Purchase Function"]]>
              </value>
            </param>
          </params>
          <reporter-output>
          </reporter-output>
        </test-method> <!-- runScenario -->
        <test-method status="PASS" signature="runScenario(io.cucumber.testng.PickleWrapper,io.cucumber.testng.FeatureWrapper)[pri:0, instance:Runners.running@727803de]" name="runScenario" duration-ms="5070" started-at="2023-03-16T09:24:56 IST" description="Runs Cucumber Scenarios" data-provider="scenarios" finished-at="2023-03-16T09:25:01 IST">
          <params>
            <param index="0">
              <value>
                <![CDATA["Place Order"]]>
              </value>
            </param>
            <param index="1">
              <value>
                <![CDATA["Purchase Function"]]>
              </value>
            </param>
          </params>
          <reporter-output>
          </reporter-output>
        </test-method> <!-- runScenario -->
        <test-method status="PASS" signature="tearDownClass()[pri:0, instance:Runners.running@727803de]" name="tearDownClass" is-config="true" duration-ms="4218" started-at="2023-03-16T09:25:01 IST" finished-at="2023-03-16T09:25:06 IST">
          <reporter-output>
          </reporter-output>
        </test-method> <!-- tearDownClass -->
      </class> <!-- Runners.running -->
    </test> <!-- Default test -->
  </suite> <!-- Default suite -->
</testng-results>
